
   zanuda 1.09 ( 03 Jun 2015 )

   coordinates       P1_for_zanuda.pdb
   data              P1_for_zanuda_reindexed_free.mtz
   readability test  passed (Refmac_5.8.0238)
   resolution        3.611
   spacegroup        P 1
   cell              85.855 86.057 214.352 89.93 90.08 89.94

   Step 1.
   R-factors for the starting model.
   Transformation into a supergroup.

   current time:                                        Apr 04 14:01 PDT
   expected end of job (rough estimate):                Apr 04 14:10 PDT

   ---------------------------------------------------------------------
   | Subgroup | Spacegroup | R.m.s.d. |   Refinement in tested group   |
   |          |            | from the |--------------------------------|
   |   Ref    |            | starting |  Rigid   |     Restrained      |
   |          |            | model, A |----------|---------------------|
   |          |            |          |    R     |    R     |  R-free  |
   |----------|------------|----------|----------|----------|----------|
   | >>   1   | P 1        |  0.0000  |    --    |  0.3614  |  0.3918  |
   |     10   | P 43 21 2  |  0.0047  |    --    |    --    |    --    |
   ^^^^^^^^^^^^^^^^^^^^^^^^^^^^^^^^^^^^^^^^^^^^^^^^^^^^^^^^^^^^^^^^^^^^^

   Step 2.
   Refinements in subgroups.
   There are 10 subgroups to test.

   current time:                                        Apr 04 14:03 PDT
   expected end of job:                                 Apr 04 14:40 PDT

   ^^^^^^^^^^^^^^^^^^^^^^^^^^^^^^^^^^^^^^^^^^^^^^^^^^^^^^^^^^^^^^^^^^^^^
   | >>   1   | P 1        |  0.0000  |    --    |  0.3614  |  0.3918  |
   ---------------------------------------------------------------------
   |      1   | P 1        |  0.2657  |  0.3942  |  0.2948  |  0.3735  |
   |      2   | C 1 2 1    |  0.2628  |  0.3941  |  0.2941  |  0.3784  |
   |      3   | P 1 21 1   |  0.2612  |  0.3932  |  0.2975  |  0.3788  |
   |      4   | C 1 2 1    |  0.2689  |  0.3939  |  0.2929  |  0.3778  |
   |      5   | C 2 2 21   |  0.2111  |  0.3954  |  0.3017  |  0.3879  |
   |      6   | P 1 21 1   |  0.2265  |  0.3954  |  0.2900  |  0.3742  |
   |      7   | P 43       |  0.2443  |  0.3898  |  0.2930  |  0.3817  |
   |      8   | P 1 21 1   |  0.2292  |  0.3938  |  0.2875  |  0.3761  |
   |      9   | P 21 21 21 |  0.2149  |  0.4009  |  0.3013  |  0.3885  |
   |     10   | P 43 21 2  |  0.1736  |  0.3686  |  0.2996  |  0.3932  |
   ---------------------------------------------------------------------
   | <<   1   | P 1        |  0.2657  |  0.3942  |  0.2948  |  0.3735  |
   ^^^^^^^^^^^^^^^^^^^^^^^^^^^^^^^^^^^^^^^^^^^^^^^^^^^^^^^^^^^^^^^^^^^^^

   Step 3.
   Refinement of the best model.
   Candidate symmetry elements are added one by one.

   current time:                                        Apr 04 14:27 PDT
   expected end of job:                                 Apr 04 14:36 PDT

   ^^^^^^^^^^^^^^^^^^^^^^^^^^^^^^^^^^^^^^^^^^^^^^^^^^^^^^^^^^^^^^^^^^^^^
   | >>   1   | P 1        |  0.2657  |  0.3942  |  0.2948  |  0.3735  |
   ---------------------------------------------------------------------
   |      1   | P 1        |  0.2610  |  0.3941  |  0.2950  |  0.3737  |
   |      6   | P 1 21 1   |  0.2713  |    --    |  0.2669  |  0.3648  |
   |     10   | P 43 21 2  |  0.2823  |    --    |  0.2737  |  0.3779  |
   ---------------------------------------------------------------------
   | <<  10   | P 43 21 2  |  0.2823  |    --    |  0.2737  |  0.3779  |
   ---------------------------------------------------------------------

   R-factor in the original subgroup is NOT the best.
   The original spacegroup assignment seems to be incorrect.

   end of job:                                          Apr 04 14:32 PDT

