
   zanuda 1.09 ( 03 Jun 2015 )

   coordinates       Plate_15_D3_T1_P1_xds_aniso_merged_starting_model.pdb_modified.pdb
   data              Plate_15_D3_T1_P1_xds_aniso_merged_free.mtz
   readability test  passed (Refmac_5.8.0238)
   resolution        3.611
   spacegroup        P 1
   cell              85.855 86.057 214.352 89.93 90.08 89.94

   Step 1.
   R-factors for the starting model.
   Transformation into a supergroup.

   current time:                                        Apr 04 13:05 PDT
   expected end of job (rough estimate):                Apr 04 13:13 PDT

   ---------------------------------------------------------------------
   | Subgroup | Spacegroup | R.m.s.d. |   Refinement in tested group   |
   |          |            | from the |--------------------------------|
   |   Ref    |            | starting |  Rigid   |     Restrained      |
   |          |            | model, A |----------|---------------------|
   |          |            |          |    R     |    R     |  R-free  |
   |----------|------------|----------|----------|----------|----------|
   | >>   1   | P 1        |  0.0000  |    --    |  0.3627  |  0.3906  |
   |     10   | P 43 21 2  |  0.1203  |    --    |    --    |    --    |
   ^^^^^^^^^^^^^^^^^^^^^^^^^^^^^^^^^^^^^^^^^^^^^^^^^^^^^^^^^^^^^^^^^^^^^

   Step 2.
   Refinements in subgroups.
   There are 10 subgroups to test.

   current time:                                        Apr 04 13:07 PDT
   expected end of job:                                 Apr 04 13:43 PDT

   ^^^^^^^^^^^^^^^^^^^^^^^^^^^^^^^^^^^^^^^^^^^^^^^^^^^^^^^^^^^^^^^^^^^^^
   | >>   1   | P 1        |  0.0000  |    --    |  0.3627  |  0.3906  |
   ---------------------------------------------------------------------
   |      1   | P 1        |  0.1585  |  0.3946  |  0.3008  |  0.3777  |
   |      2   | P 1 21 1   |  0.1592  |  0.3966  |  0.2918  |  0.3811  |
   |      3   | P 1 21 1   |  0.1740  |  0.3947  |  0.2909  |  0.3793  |
   |      4   | C 1 2 1    |  0.1908  |  0.3942  |  0.2944  |  0.3780  |
   |      5   | C 1 2 1    |  0.1938  |  0.3944  |  0.2940  |  0.3793  |
   |      6   | P 1 21 1   |  0.1835  |  0.3933  |  0.2942  |  0.3789  |
   |      7   | P 43       |  0.1896  |  0.3900  |  0.2937  |  0.3865  |
   |      8   | P 21 21 21 |  0.1757  |  0.4017  |  0.3002  |  0.3878  |
   |      9   | C 2 2 21   |  0.1791  |  0.3965  |  0.3023  |  0.3902  |
   |     10   | P 43 21 2  |  0.1968  |  0.3691  |  0.3023  |  0.3930  |
   ---------------------------------------------------------------------
   | <<   1   | P 1        |  0.1585  |  0.3946  |  0.3008  |  0.3777  |
   ^^^^^^^^^^^^^^^^^^^^^^^^^^^^^^^^^^^^^^^^^^^^^^^^^^^^^^^^^^^^^^^^^^^^^

   Step 3.
   Refinement of the best model.
   Candidate symmetry elements are added one by one.

   current time:                                        Apr 04 13:30 PDT
   expected end of job:                                 Apr 04 13:39 PDT

   ^^^^^^^^^^^^^^^^^^^^^^^^^^^^^^^^^^^^^^^^^^^^^^^^^^^^^^^^^^^^^^^^^^^^^
   | >>   1   | P 1        |  0.1585  |  0.3946  |  0.3008  |  0.3777  |
   ---------------------------------------------------------------------
   |      1   | P 1        |  0.1635  |  0.3946  |  0.2959  |  0.3750  |
   |      2   | P 1 21 1   |  0.1968  |    --    |  0.2750  |  0.3654  |
   |      8   | P 21 21 21 |  0.2378  |    --    |  0.2651  |  0.3728  |
   |     10   | P 43 21 2  |  0.2674  |    --    |  0.2766  |  0.3946  |
   ---------------------------------------------------------------------
   | <<   8   | P 21 21 21 |  0.2378  |    --    |  0.2651  |  0.3728  |
   ---------------------------------------------------------------------

   R-factor in the original subgroup is NOT the best.
   The original spacegroup assignment seems to be incorrect.

   end of job:                                          Apr 04 13:37 PDT

